[0.575s] DEBUG:colcon:Command line arguments: ['/usr/bin/colcon', 'build', '--packages-select', 'locnerf']
[0.575s] DEBUG:colcon:Parsed command line arguments: Namespace(log_base=None, log_level=None, verb_name='build', build_base='build', install_base='install', merge_install=False, symlink_install=False, test_result_base=None, continue_on_error=False, executor='parallel', parallel_workers=20, event_handlers=None, ignore_user_meta=False, metas=['./colcon.meta'], base_paths=['.'], packages_ignore=None, packages_ignore_regex=None, paths=None, packages_up_to=None, packages_up_to_regex=None, packages_above=None, packages_above_and_dependencies=None, packages_above_depth=None, packages_select_by_dep=None, packages_skip_by_dep=None, packages_skip_up_to=None, packages_select_build_failed=False, packages_skip_build_finished=False, packages_select_test_failures=False, packages_skip_test_passed=False, packages_select=['locnerf'], packages_skip=None, packages_select_regex=None, packages_skip_regex=None, packages_start=None, packages_end=None, allow_overriding=[], cmake_args=None, cmake_target=None, cmake_target_skip_unavailable=False, cmake_clean_cache=False, cmake_clean_first=False, cmake_force_configure=False, ament_cmake_args=None, catkin_cmake_args=None, catkin_skip_building_tests=False, mixin_files=None, mixin=None, verb_parser=<colcon_mixin.mixin.mixin_argument.MixinArgumentDecorator object at 0x73d338d46b60>, verb_extension=<colcon_core.verb.build.BuildVerb object at 0x73d338d465f0>, main=<bound method BuildVerb.main of <colcon_core.verb.build.BuildVerb object at 0x73d338d465f0>>, mixin_verb=('build',))
[2.442s] Level 1:colcon.colcon_core.package_discovery:discover_packages(colcon_meta) check parameters
[2.442s] Level 1:colcon.colcon_core.package_discovery:discover_packages(recursive) check parameters
[2.442s] Level 1:colcon.colcon_core.package_discovery:discover_packages(ignore) check parameters
[2.443s] Level 1:colcon.colcon_core.package_discovery:discover_packages(path) check parameters
[2.443s] Level 1:colcon.colcon_core.package_discovery:discover_packages(colcon_meta) discover
[2.443s] Level 1:colcon.colcon_core.package_discovery:discover_packages(recursive) discover
[2.443s] INFO:colcon.colcon_core.package_discovery:Crawling recursively for packages in '/home/student/catkin_ws/src/locnerf'
[2.443s] Level 1:colcon.colcon_core.package_identification:_identify(.) by extensions ['ignore', 'ignore_ament_install']
[2.443s] Level 1:colcon.colcon_core.package_identification:_identify(.) by extension 'ignore'
[2.443s] Level 1:colcon.colcon_core.package_identification:_identify(.) by extension 'ignore_ament_install'
[2.444s] Level 1:colcon.colcon_core.package_identification:_identify(.) by extensions ['colcon_pkg']
[2.444s] Level 1:colcon.colcon_core.package_identification:_identify(.) by extension 'colcon_pkg'
[2.444s] Level 1:colcon.colcon_core.package_identification:_identify(.) by extensions ['colcon_meta']
[2.444s] Level 1:colcon.colcon_core.package_identification:_identify(.) by extension 'colcon_meta'
[2.444s] Level 1:colcon.colcon_core.package_identification:_identify(.) by extensions ['ros']
[2.444s] Level 1:colcon.colcon_core.package_identification:_identify(.) by extension 'ros'
[2.533s] DEBUG:colcon.colcon_core.package_identification:Package '.' with type 'ros.ament_python' and name 'locnerf'
[2.533s] Level 1:colcon.colcon_core.package_discovery:discover_packages(recursive) using defaults
[2.533s] Level 1:colcon.colcon_core.package_discovery:discover_packages(ignore) discover
[2.533s] Level 1:colcon.colcon_core.package_discovery:discover_packages(ignore) using defaults
[2.533s] Level 1:colcon.colcon_core.package_discovery:discover_packages(path) discover
[2.533s] Level 1:colcon.colcon_core.package_discovery:discover_packages(path) using defaults
[2.762s] Level 1:colcon.colcon_core.package_discovery:discover_packages(prefix_path) check parameters
[2.763s] Level 1:colcon.colcon_core.package_discovery:discover_packages(prefix_path) discover
[2.851s] DEBUG:colcon.colcon_installed_package_information.package_discovery:Found 2 installed packages in /home/student/catkin_ws/install
[2.852s] DEBUG:colcon.colcon_installed_package_information.package_discovery:Found 385 installed packages in /opt/ros/humble
[2.859s] Level 1:colcon.colcon_core.package_discovery:discover_packages(prefix_path) using defaults
[2.969s] Level 5:colcon.colcon_core.verb:set package 'locnerf' build argument 'cmake_args' from command line to 'None'
[2.969s] Level 5:colcon.colcon_core.verb:set package 'locnerf' build argument 'cmake_target' from command line to 'None'
[2.969s] Level 5:colcon.colcon_core.verb:set package 'locnerf' build argument 'cmake_target_skip_unavailable' from command line to 'False'
[2.969s] Level 5:colcon.colcon_core.verb:set package 'locnerf' build argument 'cmake_clean_cache' from command line to 'False'
[2.969s] Level 5:colcon.colcon_core.verb:set package 'locnerf' build argument 'cmake_clean_first' from command line to 'False'
[2.969s] Level 5:colcon.colcon_core.verb:set package 'locnerf' build argument 'cmake_force_configure' from command line to 'False'
[2.969s] Level 5:colcon.colcon_core.verb:set package 'locnerf' build argument 'ament_cmake_args' from command line to 'None'
[2.969s] Level 5:colcon.colcon_core.verb:set package 'locnerf' build argument 'catkin_cmake_args' from command line to 'None'
[2.969s] Level 5:colcon.colcon_core.verb:set package 'locnerf' build argument 'catkin_skip_building_tests' from command line to 'False'
[2.969s] DEBUG:colcon.colcon_core.verb:Building package 'locnerf' with the following arguments: {'ament_cmake_args': None, 'build_base': '/home/student/catkin_ws/src/locnerf/build/locnerf', 'catkin_cmake_args': None, 'catkin_skip_building_tests': False, 'cmake_args': None, 'cmake_clean_cache': False, 'cmake_clean_first': False, 'cmake_force_configure': False, 'cmake_target': None, 'cmake_target_skip_unavailable': False, 'install_base': '/home/student/catkin_ws/src/locnerf/install/locnerf', 'merge_install': False, 'path': '/home/student/catkin_ws/src/locnerf', 'symlink_install': False, 'test_result_base': None}
[2.969s] INFO:colcon.colcon_core.executor:Executing jobs using 'parallel' executor
[2.970s] DEBUG:colcon.colcon_parallel_executor.executor.parallel:run_until_complete
[2.970s] INFO:colcon.colcon_ros.task.ament_python.build:Building ROS package in '/home/student/catkin_ws/src/locnerf' with build type 'ament_python'
[2.970s] Level 1:colcon.colcon_core.shell:create_environment_hook('locnerf', 'ament_prefix_path')
[3.003s] INFO:colcon.colcon_core.plugin_system:Skipping extension 'colcon_core.shell.bat': Not used on non-Windows systems
[3.003s] INFO:colcon.colcon_core.shell:Creating environment hook '/home/student/catkin_ws/src/locnerf/install/locnerf/share/locnerf/hook/ament_prefix_path.ps1'
[3.005s] INFO:colcon.colcon_core.shell:Creating environment descriptor '/home/student/catkin_ws/src/locnerf/install/locnerf/share/locnerf/hook/ament_prefix_path.dsv'
[3.021s] INFO:colcon.colcon_core.shell:Creating environment hook '/home/student/catkin_ws/src/locnerf/install/locnerf/share/locnerf/hook/ament_prefix_path.sh'
[3.022s] INFO:colcon.colcon_core.shell:Skip shell extension 'powershell' for command environment: Not usable outside of PowerShell
[3.022s] DEBUG:colcon.colcon_core.shell:Skip shell extension 'dsv' for command environment
[3.190s] INFO:colcon.colcon_core.task.python.build:Building Python package in '/home/student/catkin_ws/src/locnerf'
[3.190s] INFO:colcon.colcon_core.shell:Skip shell extension 'powershell' for command environment: Not usable outside of PowerShell
[3.190s] DEBUG:colcon.colcon_core.shell:Skip shell extension 'dsv' for command environment
[3.785s] DEBUG:colcon.colcon_core.event_handler.log_command:Invoking command in '/home/student/catkin_ws/src/locnerf': CONDA_PROMPT_MODIFIER=(nerfstudio) PYTHONPATH=/home/student/catkin_ws/src/locnerf/build/locnerf/prefix_override:/usr/lib/python3/dist-packages/colcon_core/task/python/colcon_distutils_commands:/home/student/catkin_ws/src/locnerf/install/locnerf/lib/python3.10/site-packages:${PYTHONPATH} /usr/bin/python3 -W ignore:setup.py install is deprecated setup.py egg_info --egg-base build/locnerf build --build-base /home/student/catkin_ws/src/locnerf/build/locnerf/build install --record /home/student/catkin_ws/src/locnerf/build/locnerf/install.log --single-version-externally-managed install_data
[3.948s] DEBUG:colcon.colcon_core.event_handler.log_command:Invoked command in '/home/student/catkin_ws/src/locnerf' returned '0': CONDA_PROMPT_MODIFIER=(nerfstudio) PYTHONPATH=/home/student/catkin_ws/src/locnerf/build/locnerf/prefix_override:/usr/lib/python3/dist-packages/colcon_core/task/python/colcon_distutils_commands:/home/student/catkin_ws/src/locnerf/install/locnerf/lib/python3.10/site-packages:${PYTHONPATH} /usr/bin/python3 -W ignore:setup.py install is deprecated setup.py egg_info --egg-base build/locnerf build --build-base /home/student/catkin_ws/src/locnerf/build/locnerf/build install --record /home/student/catkin_ws/src/locnerf/build/locnerf/install.log --single-version-externally-managed install_data
[3.957s] Level 1:colcon.colcon_core.environment:checking '/home/student/catkin_ws/src/locnerf/install/locnerf' for CMake module files
[3.957s] Level 1:colcon.colcon_core.environment:checking '/home/student/catkin_ws/src/locnerf/install/locnerf' for CMake config files
[3.957s] Level 1:colcon.colcon_core.environment:checking '/home/student/catkin_ws/src/locnerf/install/locnerf/lib'
[3.957s] Level 1:colcon.colcon_core.environment:checking '/home/student/catkin_ws/src/locnerf/install/locnerf/bin'
[3.957s] Level 1:colcon.colcon_core.environment:checking '/home/student/catkin_ws/src/locnerf/install/locnerf/lib/pkgconfig/locnerf.pc'
[3.957s] Level 1:colcon.colcon_core.environment:checking '/home/student/catkin_ws/src/locnerf/install/locnerf/lib/python3.10/site-packages'
[3.957s] Level 1:colcon.colcon_core.shell:create_environment_hook('locnerf', 'pythonpath')
[3.957s] INFO:colcon.colcon_core.shell:Creating environment hook '/home/student/catkin_ws/src/locnerf/install/locnerf/share/locnerf/hook/pythonpath.ps1'
[3.958s] INFO:colcon.colcon_core.shell:Creating environment descriptor '/home/student/catkin_ws/src/locnerf/install/locnerf/share/locnerf/hook/pythonpath.dsv'
[3.958s] INFO:colcon.colcon_core.shell:Creating environment hook '/home/student/catkin_ws/src/locnerf/install/locnerf/share/locnerf/hook/pythonpath.sh'
[3.958s] Level 1:colcon.colcon_core.environment:checking '/home/student/catkin_ws/src/locnerf/install/locnerf/bin'
[3.958s] Level 1:colcon.colcon_core.environment:create_environment_scripts_only(locnerf)
[3.958s] INFO:colcon.colcon_core.shell:Creating package script '/home/student/catkin_ws/src/locnerf/install/locnerf/share/locnerf/package.ps1'
[3.959s] INFO:colcon.colcon_core.shell:Creating package descriptor '/home/student/catkin_ws/src/locnerf/install/locnerf/share/locnerf/package.dsv'
[3.959s] INFO:colcon.colcon_core.shell:Creating package script '/home/student/catkin_ws/src/locnerf/install/locnerf/share/locnerf/package.sh'
[3.960s] INFO:colcon.colcon_core.shell:Creating package script '/home/student/catkin_ws/src/locnerf/install/locnerf/share/locnerf/package.bash'
[3.960s] INFO:colcon.colcon_core.shell:Creating package script '/home/student/catkin_ws/src/locnerf/install/locnerf/share/locnerf/package.zsh'
[3.974s] Level 1:colcon.colcon_core.environment:create_file_with_runtime_dependencies(/home/student/catkin_ws/src/locnerf/install/locnerf/share/colcon-core/packages/locnerf)
[3.974s] DEBUG:colcon.colcon_parallel_executor.executor.parallel:closing loop
[3.974s] DEBUG:colcon.colcon_parallel_executor.executor.parallel:loop closed
[3.974s] DEBUG:colcon.colcon_parallel_executor.executor.parallel:run_until_complete finished with '0'
[3.974s] DEBUG:colcon.colcon_core.event_reactor:joining thread
[3.993s] INFO:colcon.colcon_core.plugin_system:Skipping extension 'colcon_notification.desktop_notification.terminal_notifier': Not used on non-Darwin systems
[3.993s] INFO:colcon.colcon_core.plugin_system:Skipping extension 'colcon_notification.desktop_notification.win32': Not used on non-Windows systems
[3.993s] INFO:colcon.colcon_notification.desktop_notification:Sending desktop notification using 'notify2'
[4.014s] DEBUG:colcon.colcon_core.event_reactor:joined thread
[4.015s] INFO:colcon.colcon_core.shell:Creating prefix script '/home/student/catkin_ws/src/locnerf/install/local_setup.ps1'
[4.020s] INFO:colcon.colcon_core.shell:Creating prefix util module '/home/student/catkin_ws/src/locnerf/install/_local_setup_util_ps1.py'
[4.021s] INFO:colcon.colcon_core.shell:Creating prefix chain script '/home/student/catkin_ws/src/locnerf/install/setup.ps1'
[4.023s] INFO:colcon.colcon_core.shell:Creating prefix script '/home/student/catkin_ws/src/locnerf/install/local_setup.sh'
[4.024s] INFO:colcon.colcon_core.shell:Creating prefix util module '/home/student/catkin_ws/src/locnerf/install/_local_setup_util_sh.py'
[4.025s] INFO:colcon.colcon_core.shell:Creating prefix chain script '/home/student/catkin_ws/src/locnerf/install/setup.sh'
[4.027s] INFO:colcon.colcon_core.shell:Creating prefix script '/home/student/catkin_ws/src/locnerf/install/local_setup.bash'
[4.032s] INFO:colcon.colcon_core.shell:Creating prefix chain script '/home/student/catkin_ws/src/locnerf/install/setup.bash'
[4.034s] INFO:colcon.colcon_core.shell:Creating prefix script '/home/student/catkin_ws/src/locnerf/install/local_setup.zsh'
[4.035s] INFO:colcon.colcon_core.shell:Creating prefix chain script '/home/student/catkin_ws/src/locnerf/install/setup.zsh'
